<?xml version="1.0" encoding="UTF-8"?>
<!-- Generated by org.testng.reporters.JUnitReportReporter -->
<testsuite hostname="HELIX-SG-JGDM" failures="0" tests="2" name="TestCase" time="28.116" errors="0" timestamp="2019-12-21T17:27:06 GMT+08:00" skipped="0">
  <testcase classname="TestCase" name="test" time="13.473"/>
  <testcase classname="TestCase" name="test" time="14.643"/>
</testsuite> <!-- TestCase -->
